Сборка начата 16.11.2022 16:26:28.
     1>Проект "C:\Users\1\Desktop\СТЗ\Recognition\robots\Проект1.vcxproj" в узле 2 (целевые объекты Build).
     1>ClCompile:
         C:\Program Files (x86)\Microsoft Visual Studio 12.0\VC\bin\CL.exe /c /IC:\OpenCV\opencv\build\include /ZI /nologo /W3 /WX- /sdl /Od /Oy- /D _UNICODE /D UNICODE /Gm /EHsc /RTC1 /MDd /GS /fp:precise /Zc:wchar_t /Zc:forScope /Fo"Debug\\" /Fd"Debug\vc120.pdb" /Gd /TP /analyze- /errorReport:prompt main.cpp "Исходный код.cpp"
         Исходный код.cpp
         main.cpp
     1>c:\users\1\desktop\стз\recognition\robots\main.cpp(127): warning C4018: <: несоответствие типов со знаком и без знака
     1>c:\users\1\desktop\стз\recognition\robots\main.cpp(139): warning C4018: <: несоответствие типов со знаком и без знака
     1>c:\users\1\desktop\стз\recognition\robots\main.cpp(150): warning C4018: <: несоответствие типов со знаком и без знака
     1>c:\users\1\desktop\стз\recognition\robots\main.cpp(159): warning C4018: <: несоответствие типов со знаком и без знака
     1>c:\users\1\desktop\стз\recognition\robots\main.cpp(184): warning C4244: аргумент: преобразование "double" в "int", возможна потеря данных
     1>c:\users\1\desktop\стз\recognition\robots\main.cpp(190): warning C4244: аргумент: преобразование "double" в "float", возможна потеря данных
     1>c:\users\1\desktop\стз\recognition\robots\main.cpp(191): warning C4018: <: несоответствие типов со знаком и без знака
     1>c:\users\1\desktop\стз\recognition\robots\main.cpp(202): warning C4244: аргумент: преобразование "double" в "float", возможна потеря данных
     1>c:\users\1\desktop\стз\recognition\robots\main.cpp(225): warning C4018: <: несоответствие типов со знаком и без знака
     1>c:\users\1\desktop\стз\recognition\robots\main.cpp(235): warning C4244: аргумент: преобразование "double" в "float", возможна потеря данных
     1>c:\users\1\desktop\стз\recognition\robots\main.cpp(255): warning C4018: <: несоответствие типов со знаком и без знака
     1>c:\users\1\desktop\стз\recognition\robots\main.cpp(265): warning C4244: аргумент: преобразование "double" в "float", возможна потеря данных
         Создание кода...
       Link:
         C:\Program Files (x86)\Microsoft Visual Studio 12.0\VC\bin\link.exe /ERRORREPORT:PROMPT /OUT:"C:\Users\1\Desktop\СТЗ\Recognition\robots\Debug\Проект1.exe" /INCREMENTAL /NOLOGO /LIBPATH:C:\OpenCV\opencv\build\x86\vc12\lib opencv_world300d.lib opencv_ts300d.lib kernel32.lib user32.lib gdi32.lib winspool.lib comdlg32.lib advapi32.lib shell32.lib ole32.lib oleaut32.lib uuid.lib odbc32.lib odbccp32.lib /MANIFEST /MANIFESTUAC:"level='asInvoker' uiAccess='false'" /manifest:embed /DEBUG /PDB:"C:\Users\1\Desktop\СТЗ\Recognition\robots\Debug\Проект1.pdb" /TLBID:1 /DYNAMICBASE /NXCOMPAT /IMPLIB:"C:\Users\1\Desktop\СТЗ\Recognition\robots\Debug\Проект1.lib" /MACHINE:X86 Debug\main.obj
         "Debug\Исходный код.obj"
         Проект1.vcxproj -> C:\Users\1\Desktop\СТЗ\Recognition\robots\Debug\Проект1.exe
     1>Сборка проекта "C:\Users\1\Desktop\СТЗ\Recognition\robots\Проект1.vcxproj" завершена (целевые объекты Build).

Сборка успешно завершена.

Затраченное время: 00:00:01.52
